[debug] [2021-01-23T08:11:04.786Z] ----------------------------------------------------------------------
[debug] [2021-01-23T08:11:04.789Z] Command:       C:\Program Files\nodejs\node.exe C:\Users\Dany Ahmad Ihza P\AppData\Roaming\npm\node_modules\firebase-tools\lib\bin\firebase.js init
[debug] [2021-01-23T08:11:04.789Z] CLI Version:   9.2.2
[debug] [2021-01-23T08:11:04.789Z] Platform:      win32
[debug] [2021-01-23T08:11:04.789Z] Node Version:  v12.18.4
[debug] [2021-01-23T08:11:04.790Z] Time:          Sat Jan 23 2021 15:11:04 GMT+0700 (Western Indonesia Time)
[debug] [2021-01-23T08:11:04.790Z] ----------------------------------------------------------------------
[debug] [2021-01-23T08:11:04.790Z] 
[debug] [2021-01-23T08:11:04.800Z] > command requires scopes: ["email","openid","https://www.googleapis.com/auth/cloudplatformprojects.readonly","https://www.googleapis.com/auth/firebase","https://www.googleapis.com/auth/cloud-platform"]
[debug] [2021-01-23T08:11:04.801Z] > authorizing via signed-in user
[info] 
     ######## #### ########  ######## ########     ###     ######  ########
     ##        ##  ##     ## ##       ##     ##  ##   ##  ##       ##
     ######    ##  ########  ######   ########  #########  ######  ######
     ##        ##  ##    ##  ##       ##     ## ##     ##       ## ##
     ##       #### ##     ## ######## ########  ##     ##  ######  ########

You're about to initialize a Firebase project in this directory:

  C:\xampp\htdocs\HPV-API

Before we get started, keep in mind:

  * You are currently outside your home directory

